<?xml version="1.0" encoding="UTF-8"?>
<testsuite xmlns:xsi="http://www.w3.org/2001/XMLSchema-instance" xsi:noNamespaceSchemaLocation="https://maven.apache.org/surefire/maven-surefire-plugin/xsd/surefire-test-report-3.0.xsd" version="3.0" name="edu.uob.ExampleControllerTests" time="0.158" tests="35" errors="0" skipped="0" failures="0">
  <properties>
[...]
</properties>
  <testcase name="testAddRow1" classname="edu.uob.ExampleControllerTests" time="0.036"/>
  <testcase name="testAddRow2" classname="edu.uob.ExampleControllerTests" time="0.001"/>
  <testcase name="testAddRow3" classname="edu.uob.ExampleControllerTests" time="0.002"/>
  <testcase name="testDecreaseWinThreshold1" classname="edu.uob.ExampleControllerTests" time="0.001"/>
  <testcase name="testDecreaseWinThreshold2" classname="edu.uob.ExampleControllerTests" time="0.001"/>
  <testcase name="testDecreaseWinThreshold3" classname="edu.uob.ExampleControllerTests" time="0"/>
  <testcase name="testDecreaseWinThreshold4" classname="edu.uob.ExampleControllerTests" time="0"/>
  <testcase name="testDraw" classname="edu.uob.ExampleControllerTests" time="0.023"/>
  <testcase name="testBasicWin" classname="edu.uob.ExampleControllerTests" time="0.009"/>
  <testcase name="testCellAlreadyTakenException" classname="edu.uob.ExampleControllerTests" time="0.006"/>
  <testcase name="testInvalidIdentifierException" classname="edu.uob.ExampleControllerTests" time="0.002"/>
  <testcase name="testBasicMoveTaking" classname="edu.uob.ExampleControllerTests" time="0.001"/>
  <testcase name="testInvalidIdentifierCharacterException1" classname="edu.uob.ExampleControllerTests" time="0.005"/>
  <testcase name="testInvalidIdentifierCharacterException2" classname="edu.uob.ExampleControllerTests" time="0.002"/>
  <testcase name="testRemoveColumn1" classname="edu.uob.ExampleControllerTests" time="0.001"/>
  <testcase name="testRemoveColumn2" classname="edu.uob.ExampleControllerTests" time="0.001"/>
  <testcase name="testRemoveColumn3" classname="edu.uob.ExampleControllerTests" time="0.001"/>
  <testcase name="testRemoveColumn4" classname="edu.uob.ExampleControllerTests" time="0.002"/>
  <testcase name="testIncreaseWinThreshold1" classname="edu.uob.ExampleControllerTests" time="0.001"/>
  <testcase name="testIncreaseWinThreshold2" classname="edu.uob.ExampleControllerTests" time="0.001"/>
  <testcase name="testIncreaseWinThreshold3" classname="edu.uob.ExampleControllerTests" time="0.001"/>
  <testcase name="testIncreaseWinThreshold4" classname="edu.uob.ExampleControllerTests" time="0.001"/>
  <testcase name="testIncreaseWinThreshold5" classname="edu.uob.ExampleControllerTests" time="0"/>
  <testcase name="testRemoveRow1" classname="edu.uob.ExampleControllerTests" time="0.001"/>
  <testcase name="testRemoveRow2" classname="edu.uob.ExampleControllerTests" time="0.001"/>
  <testcase name="testRemoveRow3" classname="edu.uob.ExampleControllerTests" time="0.001"/>
  <testcase name="testRemoveRow4" classname="edu.uob.ExampleControllerTests" time="0.002"/>
  <testcase name="testDiagWin1" classname="edu.uob.ExampleControllerTests" time="0.005"/>
  <testcase name="testDiagWin2" classname="edu.uob.ExampleControllerTests" time="0.003"/>
  <testcase name="testOutsideCellRangeException1" classname="edu.uob.ExampleControllerTests" time="0.002"/>
  <testcase name="testOutsideCellRangeException2" classname="edu.uob.ExampleControllerTests" time="0.003"/>
  <testcase name="testVerticalWin" classname="edu.uob.ExampleControllerTests" time="0.006"/>
  <testcase name="testAddColumn1" classname="edu.uob.ExampleControllerTests" time="0.001"/>
  <testcase name="testAddColumn2" classname="edu.uob.ExampleControllerTests" time="0"/>
  <testcase name="testAddColumn3" classname="edu.uob.ExampleControllerTests" time="0"/>
</testsuite>